d:\公司\api\demo\demo期货api-0\test20170321报单\x64\debug\测试程序.pch
d:\公司\api\demo\demo期货api-0\test20170321报单\x64\debug\vc140.pdb
d:\公司\api\demo\demo期货api-0\test20170321报单\x64\debug\vc140.idb
d:\公司\api\demo\demo期货api-0\test20170321报单\x64\debug\traderapi.obj
d:\公司\api\demo\demo期货api-0\test20170321报单\x64\debug\main.obj
d:\公司\api\demo\demo期货api-0\test20170321报单\x64\debug\stdafx.obj
d:\公司\api\demo\demo期货api-0\test20170321报单\x64\debug\getconfig.obj
d:\公司\api\demo\demo期货api-0\test20170321报单\x64\debug\ctest.obj
d:\公司\api\demo\demo期货api-6.3.13\6.3.13_demo\x64\debug\测试程序.pch
d:\公司\api\demo\demo期货api-6.3.13\6.3.13_demo\x64\debug\vc140.pdb
d:\公司\api\demo\demo期货api-6.3.13\6.3.13_demo\x64\debug\vc140.idb
d:\公司\api\demo\demo期货api-6.3.13\6.3.13_demo\x64\debug\traderapi.obj
d:\公司\api\demo\demo期货api-6.3.13\6.3.13_demo\x64\debug\main.obj
d:\公司\api\demo\demo期货api-6.3.13\6.3.13_demo\x64\debug\stdafx.obj
d:\公司\api\demo\demo期货api-6.3.13\6.3.13_demo\x64\debug\getconfig.obj
d:\公司\api\demo\demo期货api-6.3.13\6.3.13_demo\x64\debug\ctest.obj
d:\公司\api\demo\demo期货api-0\x64\debug\测试程序.ilk
d:\公司\api\demo\demo期货api-0\x64\debug\测试程序.exe
d:\公司\api\demo\demo期货api-0\x64\debug\测试程序.pdb
d:\公司\api\demo\demo期货api-6.3.13\x64\debug\测试程序.ilk
d:\公司\api\demo\demo期货api-6.3.13\x64\debug\测试程序.exe
d:\公司\api\demo\demo期货api-6.3.13\x64\debug\测试程序.pdb
d:\公司\api\demo\demo期货api-6.3.13\6.3.13_demo\x64\debug\测试程序.tlog\cl.command.1.tlog
d:\公司\api\demo\demo期货api-6.3.13\6.3.13_demo\x64\debug\测试程序.tlog\cl.read.1.tlog
d:\公司\api\demo\demo期货api-6.3.13\6.3.13_demo\x64\debug\测试程序.tlog\cl.write.1.tlog
d:\公司\api\demo\demo期货api-6.3.13\6.3.13_demo\x64\debug\测试程序.tlog\link.command.1.tlog
d:\公司\api\demo\demo期货api-6.3.13\6.3.13_demo\x64\debug\测试程序.tlog\link.read.1.tlog
d:\公司\api\demo\demo期货api-6.3.13\6.3.13_demo\x64\debug\测试程序.tlog\link.write.1.tlog
